<?xml version="1.0" encoding="UTF-8"?>
<testng-results ignored="0" total="1" passed="1" failed="0" skipped="0">
  <reporter-output>
  </reporter-output>
  <suite started-at="2022-07-03T14:50:20 IST" name="Default suite" finished-at="2022-07-03T14:51:16 IST" duration-ms="56085">
    <groups>
    </groups>
    <test started-at="2022-07-03T14:50:20 IST" name="Default test" finished-at="2022-07-03T14:51:16 IST" duration-ms="56085">
      <class name="runner.TestRunner">
        <test-method is-config="true" signature="beforeClass()[pri:0, instance:runner.TestRunner@231f98ef]" started-at="2022-07-03T14:50:20 IST" name="beforeClass" finished-at="2022-07-03T14:50:21 IST" duration-ms="524" status="PASS">
          <reporter-output>
          </reporter-output>
        </test-method> <!-- beforeClass -->
        <test-method is-config="true" signature="beforeMethod()[pri:0, instance:runner.TestRunner@231f98ef]" started-at="2022-07-03T14:50:21 IST" name="beforeMethod" finished-at="2022-07-03T14:50:51 IST" duration-ms="30709" status="PASS">
          <reporter-output>
          </reporter-output>
        </test-method> <!-- beforeMethod -->
        <test-method signature="t1()[pri:0, instance:runner.TestRunner@231f98ef]" started-at="2022-07-03T14:50:51 IST" name="t1" finished-at="2022-07-03T14:51:14 IST" duration-ms="22661" status="PASS">
          <reporter-output>
          </reporter-output>
        </test-method> <!-- t1 -->
        <test-method is-config="true" signature="afterMethod()[pri:0, instance:runner.TestRunner@231f98ef]" started-at="2022-07-03T14:51:14 IST" name="afterMethod" finished-at="2022-07-03T14:51:16 IST" duration-ms="1684" status="PASS">
          <reporter-output>
          </reporter-output>
        </test-method> <!-- afterMethod -->
        <test-method is-config="true" signature="afterClass()[pri:0, instance:runner.TestRunner@231f98ef]" started-at="2022-07-03T14:51:16 IST" name="afterClass" finished-at="2022-07-03T14:51:16 IST" duration-ms="438" status="PASS">
          <reporter-output>
          </reporter-output>
        </test-method> <!-- afterClass -->
      </class> <!-- runner.TestRunner -->
    </test> <!-- Default test -->
  </suite> <!-- Default suite -->
</testng-results>
